2025-08-01 16:25:27,596 - INFO - Konfiguration geladen: {'template_path': 'C:/Projects/WoW Bot/bobber_template.png', 'bobber_threshold': 0.20175438596491227, 'bite_threshold': 15, 'scan_region_size': 60}
2025-08-01 16:25:27,596 - INFO - === WoW Fishing Bot Debug-Modus gestartet ===
2025-08-01 16:25:27,596 - INFO - === SYSTEMDIAGNOSE START ===
2025-08-01 16:25:27,597 - INFO - Betriebssystem: Windows 10
2025-08-01 16:25:27,597 - INFO - Python-Version: 3.11.9 (tags/v3.11.9:de54cf5, Apr  2 2024, 10:12:12) [MSC v.1938 64 bit (AMD64)]
2025-08-01 16:25:27,667 - INFO - Teste Tastatureingaben...
2025-08-01 16:25:27,667 - INFO - Drücke '1' in 3 Sekunden - stelle sicher, dass WoW aktiv ist!
2025-08-01 16:25:27,668 - INFO - Test in 3 Sekunden...
2025-08-01 16:25:28,669 - INFO - Test in 2 Sekunden...
2025-08-01 16:25:29,669 - INFO - Test in 1 Sekunden...
2025-08-01 16:25:30,670 - INFO - Drücke Test-Taste '1'
2025-08-01 16:25:30,773 - INFO - === SYSTEMDIAGNOSE ERFOLGREICH ===
2025-08-01 16:25:30,773 - INFO - Bildschirmauflösung: 2560x1440
2025-08-01 16:25:30,775 - INFO - Drücke Ctrl+C zum Beenden
2025-08-01 16:25:30,775 - INFO - --- Neuer Angel-Zyklus ---
2025-08-01 16:25:30,775 - INFO - Drücke Taste: 1
2025-08-01 16:25:30,876 - INFO - Angel ausgeworfen.
2025-08-01 16:25:30,977 - INFO - Mauszeiger in sichere Position bewegt
2025-08-01 16:25:32,478 - INFO - Mache Screenshot...
2025-08-01 16:25:32,546 - INFO - Screenshot gemacht: (1440, 2560, 3)
2025-08-01 16:25:32,547 - INFO - Lade Template: C:/Projects/WoW Bot/bobber_template.png
2025-08-01 16:25:32,549 - INFO - Template geladen: (190, 235, 3)
2025-08-01 16:25:32,924 - INFO - Template-Matching Ergebnis: max_val=0.3043, threshold=0.20175438596491227
2025-08-01 16:25:32,924 - INFO - Bobber gefunden bei: 2086, 95
2025-08-01 16:25:32,927 - INFO - Biss-Überwachung gestartet: Region=(2056,65,2116,125), Threshold=15
2025-08-01 16:25:32,927 - INFO - Kalibriere Biss-Erkennung... (Scan-Bereich: 60x60 Pixel)
2025-08-01 16:25:33,698 - INFO - Referenzbilder gesammelt und Durchschnitt berechnet
2025-08-01 16:25:33,698 - INFO - Überwache Bobber auf Biss...
2025-08-01 16:25:50,812 - INFO - Kein Biss erkannt (Timeout).
2025-08-01 16:25:52,813 - INFO - --- Neuer Angel-Zyklus ---
2025-08-01 16:25:52,813 - INFO - Drücke Taste: 1
2025-08-01 16:25:52,915 - INFO - Angel ausgeworfen.
2025-08-01 16:25:53,015 - INFO - Mauszeiger in sichere Position bewegt
2025-08-01 16:25:54,515 - INFO - Mache Screenshot...
2025-08-01 16:25:54,584 - INFO - Screenshot gemacht: (1440, 2560, 3)
2025-08-01 16:25:54,584 - INFO - Lade Template: C:/Projects/WoW Bot/bobber_template.png
2025-08-01 16:25:54,586 - INFO - Template geladen: (190, 235, 3)
2025-08-01 16:25:54,985 - INFO - Template-Matching Ergebnis: max_val=0.3359, threshold=0.20175438596491227
2025-08-01 16:25:54,985 - INFO - Bobber gefunden bei: 249, 731
2025-08-01 16:25:54,990 - INFO - Biss-Überwachung gestartet: Region=(219,701,279,761), Threshold=15
2025-08-01 16:25:54,990 - INFO - Kalibriere Biss-Erkennung... (Scan-Bereich: 60x60 Pixel)
2025-08-01 16:25:55,765 - INFO - Referenzbilder gesammelt und Durchschnitt berechnet
2025-08-01 16:25:55,765 - INFO - Überwache Bobber auf Biss...
2025-08-01 16:26:09,648 - INFO - Biss-Signal #1: Pixelabweichung 37.94
2025-08-01 16:26:09,797 - INFO - Biss-Signal #2: Pixelabweichung 37.89
2025-08-01 16:26:09,948 - INFO - Biss-Signal #3: Pixelabweichung 38.05
2025-08-01 16:26:09,948 - INFO - Biss bestätigt! (3 Signale)
2025-08-01 16:26:09,948 - INFO - Klicke auf Bobber bei: 249, 731
2025-08-01 16:26:10,055 - INFO - Bobber angeklickt.
2025-08-01 16:26:11,056 - INFO - Loote Fang...
2025-08-01 16:26:11,163 - INFO - Loot eingesammelt.
2025-08-01 16:26:13,164 - INFO - --- Neuer Angel-Zyklus ---
2025-08-01 16:26:13,164 - INFO - Drücke Taste: 1
2025-08-01 16:26:13,265 - INFO - Angel ausgeworfen.
2025-08-01 16:26:13,366 - INFO - Mauszeiger in sichere Position bewegt
2025-08-01 16:26:14,866 - INFO - Mache Screenshot...
2025-08-01 16:26:14,928 - INFO - Screenshot gemacht: (1440, 2560, 3)
2025-08-01 16:26:14,928 - INFO - Lade Template: C:/Projects/WoW Bot/bobber_template.png
2025-08-01 16:26:14,930 - INFO - Template geladen: (190, 235, 3)
